> Task :app:preBuild UP-TO-DATE
> Task :app:preDebugBuild UP-TO-DATE
> Task :app:mergeDebugNativeDebugMetadata NO-SOURCE
> Task :app:checkKotlinGradlePluginConfigurationErrors SKIPPED
> Task :app:checkDebugAarMetadata UP-TO-DATE
> Task :app:generateDebugResValues UP-TO-DATE
> Task :app:processDebugGoogleServices UP-TO-DATE
> Task :app:mapDebugSourceSetPaths UP-TO-DATE
> Task :app:generateDebugResources UP-TO-DATE
> Task :app:mergeDebugResources UP-TO-DATE
> Task :app:packageDebugResources UP-TO-DATE
> Task :app:parseDebugLocalResources UP-TO-DATE
> Task :app:createDebugCompatibleScreenManifests UP-TO-DATE
> Task :app:extractDeepLinksDebug UP-TO-DATE
> Task :app:processDebugMainManifest UP-TO-DATE
> Task :app:processDebugManifest UP-TO-DATE
> Task :app:processDebugManifestForPackage UP-TO-DATE
> Task :app:processDebugResources UP-TO-DATE
> Task :app:javaPreCompileDebug UP-TO-DATE
> Task :app:mergeDebugShaders UP-TO-DATE
> Task :app:compileDebugShaders NO-SOURCE
> Task :app:generateDebugAssets UP-TO-DATE
> Task :app:mergeDebugAssets UP-TO-DATE
> Task :app:compressDebugAssets UP-TO-DATE
> Task :app:l8DexDesugarLibDebug UP-TO-DATE
> Task :app:checkDebugDuplicateClasses UP-TO-DATE
> Task :app:desugarDebugFileDependencies UP-TO-DATE
> Task :app:mergeExtDexDebug UP-TO-DATE
> Task :app:mergeLibDexDebug UP-TO-DATE
> Task :app:mergeDebugJniLibFolders UP-TO-DATE
> Task :app:mergeDebugNativeLibs UP-TO-DATE
> Task :app:stripDebugDebugSymbols UP-TO-DATE
> Task :app:validateSigningDebug UP-TO-DATE
> Task :app:writeDebugAppMetadata UP-TO-DATE
> Task :app:writeDebugSigningConfigVersions UP-TO-DATE

> Task :app:compileDebugKotlin FAILED
e: file:///C:/Users/Azrai%20Aizam%20Bin%20Ahma/Downloads/Sem%205/Software%20Development/GoUKM/app/src/main/java/com/example/goukm/ui/booking/BookingRepository.kt:65:17 Argument already passed for this parameter.
e: file:///C:/Users/Azrai%20Aizam%20Bin%20Ahma/Downloads/Sem%205/Software%20Development/GoUKM/app/src/main/java/com/example/goukm/ui/booking/BookingRepository.kt:104:13 Unresolved reference 'bookingsCollection'.
e: file:///C:/Users/Azrai%20Aizam%20Bin%20Ahma/Downloads/Sem%205/Software%20Development/GoUKM/app/src/main/java/com/example/goukm/ui/booking/BookingRepository.kt:113:23 Unresolved reference 'bookingsCollection'.
e: file:///C:/Users/Azrai%20Aizam%20Bin%20Ahma/Downloads/Sem%205/Software%20Development/GoUKM/app/src/main/java/com/example/goukm/ui/booking/BookingRepository.kt:113:68 None of the following candidates is applicable:
suspend fun <T> Task<T>.await(): T
@ExperimentalCoroutinesApi() suspend fun <T> Task<T>.await(cancellationTokenSource: CancellationTokenSource): T
e: file:///C:/Users/Azrai%20Aizam%20Bin%20Ahma/Downloads/Sem%205/Software%20Development/GoUKM/app/src/main/java/com/example/goukm/ui/booking/BookingRepository.kt:114:21 Unresolved reference 'exists'.
e: file:///C:/Users/Azrai%20Aizam%20Bin%20Ahma/Downloads/Sem%205/Software%20Development/GoUKM/app/src/main/java/com/example/goukm/ui/booking/BookingRepository.kt:116:30 Unresolved reference 'id'.
e: file:///C:/Users/Azrai%20Aizam%20Bin%20Ahma/Downloads/Sem%205/Software%20Development/GoUKM/app/src/main/java/com/example/goukm/ui/booking/BookingRepository.kt:117:34 Unresolved reference 'getString'.
e: file:///C:/Users/Azrai%20Aizam%20Bin%20Ahma/Downloads/Sem%205/Software%20Development/GoUKM/app/src/main/java/com/example/goukm/ui/booking/BookingRepository.kt:118:34 Unresolved reference 'getString'.
e: file:///C:/Users/Azrai%20Aizam%20Bin%20Ahma/Downloads/Sem%205/Software%20Development/GoUKM/app/src/main/java/com/example/goukm/ui/booking/BookingRepository.kt:119:35 Unresolved reference 'getString'.
e: file:///C:/Users/Azrai%20Aizam%20Bin%20Ahma/Downloads/Sem%205/Software%20Development/GoUKM/app/src/main/java/com/example/goukm/ui/booking/BookingRepository.kt:120:36 Unresolved reference 'getString'.
e: file:///C:/Users/Azrai%20Aizam%20Bin%20Ahma/Downloads/Sem%205/Software%20Development/GoUKM/app/src/main/java/com/example/goukm/ui/booking/BookingRepository.kt:121:34 Unresolved reference 'getString'.
e: file:///C:/Users/Azrai%20Aizam%20Bin%20Ahma/Downloads/Sem%205/Software%20Development/GoUKM/app/src/main/java/com/example/goukm/ui/booking/BookingRepository.kt:122:39 Unresolved reference 'getString'.
e: file:///C:/Users/Azrai%20Aizam%20Bin%20Ahma/Downloads/Sem%205/Software%20Development/GoUKM/app/src/main/java/com/example/goukm/ui/booking/BookingRepository.kt:123:36 Unresolved reference 'getString'.
e: file:///C:/Users/Azrai%20Aizam%20Bin%20Ahma/Downloads/Sem%205/Software%20Development/GoUKM/app/src/main/java/com/example/goukm/ui/booking/BookingRepository.kt:124:37 Unresolved reference 'getDate'.
e: file:///C:/Users/Azrai%20Aizam%20Bin%20Ahma/Downloads/Sem%205/Software%20Development/GoUKM/app/src/main/java/com/example/goukm/ui/booking/BookingRepository.kt:125:37 Unresolved reference 'getDouble'.
e: file:///C:/Users/Azrai%20Aizam%20Bin%20Ahma/Downloads/Sem%205/Software%20Development/GoUKM/app/src/main/java/com/example/goukm/ui/booking/BookingRepository.kt:126:37 Unresolved reference 'getDouble'.
e: file:///C:/Users/Azrai%20Aizam%20Bin%20Ahma/Downloads/Sem%205/Software%20Development/GoUKM/app/src/main/java/com/example/goukm/ui/booking/BookingRepository.kt:127:38 Unresolved reference 'getDouble'.
e: file:///C:/Users/Azrai%20Aizam%20Bin%20Ahma/Downloads/Sem%205/Software%20Development/GoUKM/app/src/main/java/com/example/goukm/ui/booking/BookingRepository.kt:128:21 Argument already passed for this parameter.
e: file:///C:/Users/Azrai%20Aizam%20Bin%20Ahma/Downloads/Sem%205/Software%20Development/GoUKM/app/src/main/java/com/example/goukm/ui/booking/BookingRepository.kt:128:38 Unresolved reference 'getDouble'.
e: file:///C:/Users/Azrai%20Aizam%20Bin%20Ahma/Downloads/Sem%205/Software%20Development/GoUKM/app/src/main/java/com/example/goukm/ui/booking/BookingRepository.kt:129:38 Unresolved reference 'getDouble'.
e: file:///C:/Users/Azrai%20Aizam%20Bin%20Ahma/Downloads/Sem%205/Software%20Development/GoUKM/app/src/main/java/com/example/goukm/ui/booking/BookingRepository.kt:130:41 Unresolved reference 'getBoolean'.
e: file:///C:/Users/Azrai%20Aizam%20Bin%20Ahma/Downloads/Sem%205/Software%20Development/GoUKM/app/src/main/java/com/example/goukm/ui/booking/BookingRepository.kt:140:1 Syntax error: Expecting a top level declaration.
e: file:///C:/Users/Azrai%20Aizam%20Bin%20Ahma/Downloads/Sem%205/Software%20Development/GoUKM/app/src/main/java/com/example/goukm/ui/dashboard/DriverDash.kt:282:60 Unresolved reference 'updateDriverArrived'.

FAILURE: Build failed with an exception.

* What went wrong:
Execution failed for task ':app:compileDebugKotlin'.
> A failure occurred while executing org.jetbrains.kotlin.compilerRunner.GradleCompilerRunnerWithWorkers$GradleKotlinCompilerWorkAction
   > Compilation error. See log for more details

* Try:
> Run with --stacktrace option to get the stack trace.
> Run with --info or --debug option to get more log output.
> Run with --scan to get full insights.
> Get more help at https://help.gradle.org.

BUILD FAILED in 2s
30 actionable tasks: 1 executed, 29 up-to-date
